Arguments: 
  /home/tusimple/.nvm/versions/node/v12.4.0/bin/node /usr/share/yarn/bin/yarn.js

PATH: 
  /home/tusimple/.tspkg/bin:/home/tusimple/.nvm/versions/node/v12.4.0/bin:/home/tusimple/bin:/home/tusimple/.local/bin:/usr/local/sbin:/usr/local/bin:/usr/sbin:/usr/bin:/sbin:/bin:/usr/games:/usr/local/games:/snap/bin

Yarn version: 
  1.22.5

Node version: 
  12.4.0

Platform: 
  linux x64

Trace: 
  Error: https://artifactory.tusimple.ai:443/artifactory/api/npm/npm-infra-common/@babel/types/-/types-7.13.0.tgz: Request failed "404 Not Found"
      at ResponseError.ExtendableBuiltin (/usr/share/yarn/lib/cli.js:696:66)
      at new ResponseError (/usr/share/yarn/lib/cli.js:802:124)
      at Request.<anonymous> (/usr/share/yarn/lib/cli.js:67058:16)
      at Request.emit (events.js:200:13)
      at Request.module.exports.Request.onRequestResponse (/usr/share/yarn/lib/cli.js:141626:10)
      at ClientRequest.emit (events.js:205:15)
      at HTTPParser.parserOnIncomingClient [as onIncoming] (_http_client.js:565:23)
      at HTTPParser.parserOnHeadersComplete (_http_common.js:116:17)
      at TLSSocket.socketOnData (_http_client.js:452:22)
      at TLSSocket.emit (events.js:200:13)

npm manifest: 
  {
    "name": "vue3-mapbox",
    "version": "0.0.0",
    "scripts": {
      "dev": "vite",
      "build": "vite build",
      "serve": "vite preview"
    },
    "dependencies": {
      "vue": "^3.0.5"
    },
    "devDependencies": {
      "@vitejs/plugin-vue": "^1.1.4",
      "@vue/compiler-sfc": "^3.0.5",
      "vite": "^2.0.1"
    }
  }

yarn manifest: 
  No manifest

Lockfile: 
  No lockfile
